2025-08-13 18:30:21 INFO  TC_001_LoginPage:38 - From test setup logger
2025-08-13 18:30:27 INFO  TC_001_LoginPage:62 - Launched
2025-08-13 18:30:27 INFO  TC_001_LoginPage:14 - +++Starting of TC_001_Login ++++
2025-08-13 18:30:29 INFO  TC_001_LoginPage:71 - From test tear down method
2025-08-13 18:30:50 INFO  TC_001_LoginPage:38 - From test setup logger
2025-08-13 18:30:55 INFO  TC_001_LoginPage:62 - Launched
2025-08-13 18:30:55 INFO  TC_001_LoginPage:14 - +++Starting of TC_001_Login ++++
2025-08-13 18:30:58 INFO  TC_001_LoginPage:23 - +++Ending of TC_001_Login ++++
2025-08-13 18:30:58 INFO  TC_001_LoginPage:71 - From test tear down method
2025-08-13 19:24:37 INFO  TC_001_LoginPage:38 - From test setup logger
2025-08-13 19:24:46 INFO  TC_001_LoginPage:62 - Launched
2025-08-13 19:24:46 INFO  TC_001_LoginPage:14 - +++Starting of TC_001_Login ++++
2025-08-13 19:24:48 INFO  TC_001_LoginPage:23 - +++Ending of TC_001_Login ++++
2025-08-13 19:24:48 INFO  TC_001_LoginPage:71 - From test tear down method
2025-08-13 19:33:06 INFO  TC_001_LoginPage:38 - From test setup logger
2025-08-13 19:33:15 INFO  TC_001_LoginPage:62 - Launched
2025-08-13 19:33:15 INFO  TC_001_LoginPage:14 - +++Starting of TC_001_Login ++++
2025-08-13 19:33:17 INFO  TC_001_LoginPage:23 - +++Ending of TC_001_Login ++++
2025-08-13 19:33:17 INFO  TC_001_LoginPage:71 - From test tear down method
2025-08-13 19:33:52 INFO  TC_001_LoginPage:38 - From test setup logger
2025-08-13 19:33:59 INFO  TC_001_LoginPage:62 - Launched
2025-08-13 19:33:59 INFO  TC_001_LoginPage:14 - +++Starting of TC_001_Login ++++
2025-08-13 19:34:02 INFO  TC_001_LoginPage:23 - +++Ending of TC_001_Login ++++
2025-08-13 19:34:02 INFO  TC_001_LoginPage:71 - From test tear down method
2025-08-13 19:40:44 INFO  TC_001_LoginPage:38 - From test setup logger
2025-08-13 19:40:51 INFO  TC_001_LoginPage:62 - Launched
2025-08-13 19:40:51 INFO  TC_001_LoginPage:14 - +++Starting of TC_001_Login ++++
2025-08-13 19:40:54 INFO  TC_001_LoginPage:23 - +++Ending of TC_001_Login ++++
2025-08-13 19:40:54 INFO  TC_001_LoginPage:71 - From test tear down method
